FILE_TYPE=LIBRARY_PARTS;
PRIMITIVE '1N5822_23','1N5822_23_Diodes, Axial Diameter Horizontal Mounting';
  PIN
    'K':
      PIN_NUMBER='(1)';
      NO_LOAD_CHECK=BOTH;
      NO_IO_CHECK=BOTH;
      ALLOW_CONNECT=TRUE;
      PINUSE='UNSPEC';
    'A':
      PIN_NUMBER='(2)';
      NO_LOAD_CHECK=BOTH;
      NO_IO_CHECK=BOTH;
      ALLOW_CONNECT=TRUE;
      PINUSE='UNSPEC';
  END_PIN;
  BODY
    PART_NAME='1N5822_23';
    PHYS_DES_PREFIX='D';
    NO_LOAD_CHECK='TRUE';
    PIN_COUNT='2';
    BODY_NAME='1N5822_23';
    JEDEC_TYPE='DIOAD2855W132L835D505';
  END_BODY;
END_PRIMITIVE;
END.
